<?xml version="1.0" encoding="UTF-8"?>
<testsuite xmlns:xsi="http://www.w3.org/2001/XMLSchema-instance" xsi:noNamespaceSchemaLocation="https://maven.apache.org/surefire/maven-surefire-plugin/xsd/surefire-test-report-3.0.xsd" version="3.0" name="FrontEndTest" time="0.378" tests="19" errors="0" skipped="0" failures="1">
  <properties>
    <property name="sun.desktop" value="windows"/>
    <property name="awt.toolkit" value="sun.awt.windows.WToolkit"/>
    <property name="java.specification.version" value="10"/>
    <property name="file.encoding.pkg" value="sun.io"/>
    <property name="sun.cpu.isalist" value="amd64"/>
    <property name="sun.jnu.encoding" value="Cp1252"/>
    <property name="java.class.path" value="C:\Tony\Queens\Fall Semester 2019\CISC 327\Git\Quinterac\target\test-classes;C:\Tony\Queens\Fall Semester 2019\CISC 327\Git\Quinterac\target\classes;C:\Users\anacr\.m2\repository\junit\junit\4.13-rc-1\junit-4.13-rc-1.jar;C:\Users\anacr\.m2\repository\org\hamcrest\hamcrest-core\1.3\hamcrest-core-1.3.jar;"/>
    <property name="java.vm.vendor" value="&quot;Oracle Corporation&quot;"/>
    <property name="sun.arch.data.model" value="64"/>
    <property name="user.variant" value=""/>
    <property name="java.vendor.url" value="http://java.oracle.com/"/>
    <property name="user.timezone" value="America/New_York"/>
    <property name="java.vm.specification.version" value="10"/>
    <property name="os.name" value="Windows 10"/>
    <property name="sun.java.launcher" value="SUN_STANDARD"/>
    <property name="user.country" value="CA"/>
    <property name="sun.boot.library.path" value="C:\Program Files\Java\jdk-10.0.2\bin"/>
    <property name="sun.java.command" value="C:\Users\anacr\AppData\Local\Temp\surefire800032394020518100\surefirebooter17284029921281871248.jar C:\Users\anacr\AppData\Local\Temp\surefire800032394020518100 2019-11-03T20-56-13_885-jvmRun1 surefire4762321009563319111tmp surefire_07993577769277974789tmp"/>
    <property name="jdk.debug" value="release"/>
    <property name="surefire.test.class.path" value="C:\Tony\Queens\Fall Semester 2019\CISC 327\Git\Quinterac\target\test-classes;C:\Tony\Queens\Fall Semester 2019\CISC 327\Git\Quinterac\target\classes;C:\Users\anacr\.m2\repository\junit\junit\4.13-rc-1\junit-4.13-rc-1.jar;C:\Users\anacr\.m2\repository\org\hamcrest\hamcrest-core\1.3\hamcrest-core-1.3.jar;"/>
    <property name="sun.cpu.endian" value="little"/>
    <property name="user.home" value="C:\Users\anacr"/>
    <property name="user.language" value="en"/>
    <property name="java.specification.vendor" value="Oracle Corporation"/>
    <property name="java.version.date" value="2018-07-17"/>
    <property name="java.home" value="C:\Program Files\Java\jdk-10.0.2"/>
    <property name="file.separator" value="\"/>
    <property name="basedir" value="C:\Tony\Queens\Fall Semester 2019\CISC 327\Git\Quinterac"/>
    <property name="java.vm.compressedOopsMode" value="32-bit"/>
    <property name="line.separator" value="&#10;"/>
    <property name="java.specification.name" value="Java Platform API Specification"/>
    <property name="java.vm.specification.vendor" value="Oracle Corporation"/>
    <property name="java.awt.graphicsenv" value="sun.awt.Win32GraphicsEnvironment"/>
    <property name="surefire.real.class.path" value="C:\Users\anacr\AppData\Local\Temp\surefire800032394020518100\surefirebooter17284029921281871248.jar"/>
    <property name="user.script" value=""/>
    <property name="sun.management.compiler" value="HotSpot 64-Bit Tiered Compilers"/>
    <property name="java.runtime.version" value="10.0.2+13"/>
    <property name="user.name" value="anacr"/>
    <property name="path.separator" value=";"/>
    <property name="os.version" value="10.0"/>
    <property name="java.runtime.name" value="Java(TM) SE Runtime Environment"/>
    <property name="file.encoding" value="Cp1252"/>
    <property name="java.vm.name" value="Java HotSpot(TM) 64-Bit Server VM"/>
    <property name="java.vendor.version" value="18.3"/>
    <property name="localRepository" value="C:\Users\anacr\.m2\repository"/>
    <property name="java.vendor.url.bug" value="http://bugreport.java.com/bugreport/"/>
    <property name="java.io.tmpdir" value="C:\Users\anacr\AppData\Local\Temp\"/>
    <property name="java.version" value="10.0.2"/>
    <property name="user.dir" value="C:\Tony\Queens\Fall Semester 2019\CISC 327\Git\Quinterac"/>
    <property name="os.arch" value="amd64"/>
    <property name="java.vm.specification.name" value="Java Virtual Machine Specification"/>
    <property name="java.awt.printerjob" value="sun.awt.windows.WPrinterJob"/>
    <property name="sun.os.patch.level" value=""/>
    <property name="java.library.path" value="C:\Program Files\Java\jdk-10.0.2\bin;C:\WINDOWS\Sun\Java\bin;C:\WINDOWS\system32;C:\WINDOWS;C:\VulkanSDK\1.1.121.2\Bin;C:\Program Files\Haskell\bin;C:\Program Files\Haskell Platform\8.6.3\lib\extralibs\bin;C:\Program Files\Haskell Platform\8.6.3\bin;C:\Program Files (x86)\Common Files\Oracle\Java\javapath;C:\ProgramData\Oracle\Java\javapath;C:\Program Files (x86)\Intel\iCLS Client\;C:\Program Files\Intel\iCLS Client\;C:\Windows\system32;C:\Windows;C:\Windows\System32\Wbem;C:\Windows\System32\WindowsPowerShell\v1.0\;C:\Program Files (x86)\Intel\Intel(R) Management Engine Components\DAL;C:\Program Files\Intel\Intel(R) Management Engine Components\DAL;C:\Program Files (x86)\Intel\Intel(R) Management Engine Components\IPT;C:\Program Files\Intel\Intel(R) Management Engine Components\IPT;C:\Program Files (x86)\NVIDIA Corporation\PhysX\Common;C:\WINDOWS\system32;C:\WINDOWS;C:\WINDOWS\System32\Wbem;C:\WINDOWS\System32\WindowsPowerShell\v1.0\;C:\WINDOWS\System32\OpenSSH\;C:\Program Files\PuTTY\;C:\Program Files\Haskell Platform\8.6.3\mingw\bin;C:\Program Files\Git\cmd;C:\Users\anacr\AppData\Local\Programs\Python\Python37\Scripts\;C:\Users\anacr\AppData\Local\Programs\Python\Python37\;C:\Users\anacr\AppData\Roaming\cabal\bin;C:\Users\anacr\AppData\Roaming\local\bin;C:\Users\anacr\AppData\Local\Microsoft\WindowsApps;;."/>
    <property name="java.vendor" value="Oracle Corporation"/>
    <property name="java.vm.info" value="mixed mode"/>
    <property name="java.vm.version" value="10.0.2+13"/>
    <property name="sun.io.unicode.encoding" value="UnicodeLittle"/>
    <property name="java.class.version" value="54.0"/>
  </properties>
  <testcase name="R1T1" classname="FrontEndTest" time="0.016"/>
  <testcase name="R1T2" classname="FrontEndTest" time="0.007"/>
  <testcase name="R1T3" classname="FrontEndTest" time="0.01"/>
  <testcase name="R1T4" classname="FrontEndTest" time="0.007"/>
  <testcase name="R1T5" classname="FrontEndTest" time="0.026"/>
  <testcase name="R1T6" classname="FrontEndTest" time="0.013"/>
  <testcase name="R1T7" classname="FrontEndTest" time="0.009"/>
  <testcase name="R1T8" classname="FrontEndTest" time="0.011"/>
  <testcase name="R2T1" classname="FrontEndTest" time="0.007"/>
  <testcase name="R2T2" classname="FrontEndTest" time="0.007"/>
  <testcase name="R2T3" classname="FrontEndTest" time="0.009"/>
  <testcase name="R3T1" classname="FrontEndTest" time="0.014"/>
  <testcase name="R3T2" classname="FrontEndTest" time="0.014"/>
  <testcase name="R3T3" classname="FrontEndTest" time="0.006"/>
  <testcase name="R3T4" classname="FrontEndTest" time="0.007"/>
  <testcase name="R3T5" classname="FrontEndTest" time="0.014"/>
  <testcase name="R3T6" classname="FrontEndTest" time="0.011"/>
  <testcase name="R4T1" classname="FrontEndTest" time="0.012"/>
  <testcase name="R5T1" classname="FrontEndTest" time="0.02">
    <failure type="java.lang.AssertionError">java.lang.AssertionError
	at FrontEndTest.R5T1(FrontEndTest.java:226)
</failure>
  </testcase>
</testsuite>